Determining if the pthread_create exist failed with the following output:
Change Dir: /home/yuhan/Summer_Project/Tracking/bin/CMakeFiles/CMakeTmp

Run Build Command:"/usr/bin/make" "cmTC_07f1e/fast"
/usr/bin/make -f CMakeFiles/cmTC_07f1e.dir/build.make CMakeFiles/cmTC_07f1e.dir/build
make[1]: 正在进入目录 `/home/yuhan/Summer_Project/Tracking/bin/CMakeFiles/CMakeTmp'
Building C object CMakeFiles/cmTC_07f1e.dir/CheckSymbolExists.c.o
/usr/bin/cc    -fPIC    -o CMakeFiles/cmTC_07f1e.dir/CheckSymbolExists.c.o   -c /home/yuhan/Summer_Project/Tracking/bin/CMakeFiles/CMakeTmp/CheckSymbolExists.c
Linking C executable cmTC_07f1e
/usr/local/bin/cmake -E cmake_link_script CMakeFiles/cmTC_07f1e.dir/link.txt --verbose=1
/usr/bin/cc  -fPIC     CMakeFiles/cmTC_07f1e.dir/CheckSymbolExists.c.o  -o cmTC_07f1e -rdynamic 
CMakeFiles/cmTC_07f1e.dir/CheckSymbolExists.c.o：在函数‘main’中：
CheckSymbolExists.c:(.text+0x1b)：对‘pthread_create’未定义的引用
collect2: error: ld returned 1 exit status
make[1]: *** [cmTC_07f1e] 错误 1
make[1]:正在离开目录 `/home/yuhan/Summer_Project/Tracking/bin/CMakeFiles/CMakeTmp'
make: *** [cmTC_07f1e/fast] 错误 2

File /home/yuhan/Summer_Project/Tracking/bin/CMakeFiles/CMakeTmp/CheckSymbolExists.c:
/* */
#include <pthread.h>

int main(int argc, char** argv)
{
  (void)argv;
#ifndef pthread_create
  return ((int*)(&pthread_create))[argc];
#else
  (void)argc;
  return 0;
#endif
}

Determining if the function pthread_create exists in the pthreads failed with the following output:
Change Dir: /home/yuhan/Summer_Project/Tracking/bin/CMakeFiles/CMakeTmp

Run Build Command:"/usr/bin/make" "cmTC_2627a/fast"
/usr/bin/make -f CMakeFiles/cmTC_2627a.dir/build.make CMakeFiles/cmTC_2627a.dir/build
make[1]: 正在进入目录 `/home/yuhan/Summer_Project/Tracking/bin/CMakeFiles/CMakeTmp'
Building C object CMakeFiles/cmTC_2627a.dir/CheckFunctionExists.c.o
/usr/bin/cc    -fPIC -DCHECK_FUNCTION_EXISTS=pthread_create   -o CMakeFiles/cmTC_2627a.dir/CheckFunctionExists.c.o   -c /usr/local/share/cmake-3.5/Modules/CheckFunctionExists.c
Linking C executable cmTC_2627a
/usr/local/bin/cmake -E cmake_link_script CMakeFiles/cmTC_2627a.dir/link.txt --verbose=1
/usr/bin/cc  -fPIC -DCHECK_FUNCTION_EXISTS=pthread_create    CMakeFiles/cmTC_2627a.dir/CheckFunctionExists.c.o  -o cmTC_2627a -rdynamic -lpthreads 
/usr/bin/ld: cannot find -lpthreads
collect2: error: ld returned 1 exit status
make[1]: *** [cmTC_2627a] 错误 1
make[1]:正在离开目录 `/home/yuhan/Summer_Project/Tracking/bin/CMakeFiles/CMakeTmp'
make: *** [cmTC_2627a/fast] 错误 2


Determining if the pthread_create exist failed with the following output:
Change Dir: /home/yuhan/Summer_Project/Tracking/bin/CMakeFiles/CMakeTmp

Run Build Command:"/usr/bin/make" "cmTC_e6ae0/fast"
/usr/bin/make -f CMakeFiles/cmTC_e6ae0.dir/build.make CMakeFiles/cmTC_e6ae0.dir/build
make[1]: 正在进入目录 `/home/yuhan/Summer_Project/Tracking/bin/CMakeFiles/CMakeTmp'
Building C object CMakeFiles/cmTC_e6ae0.dir/CheckSymbolExists.c.o
/usr/bin/cc    -fPIC    -o CMakeFiles/cmTC_e6ae0.dir/CheckSymbolExists.c.o   -c /home/yuhan/Summer_Project/Tracking/bin/CMakeFiles/CMakeTmp/CheckSymbolExists.c
Linking C executable cmTC_e6ae0
/usr/local/bin/cmake -E cmake_link_script CMakeFiles/cmTC_e6ae0.dir/link.txt --verbose=1
/usr/bin/cc  -fPIC     CMakeFiles/cmTC_e6ae0.dir/CheckSymbolExists.c.o  -o cmTC_e6ae0 -rdynamic 
CMakeFiles/cmTC_e6ae0.dir/CheckSymbolExists.c.o：在函数‘main’中：
CheckSymbolExists.c:(.text+0x1b)：对‘pthread_create’未定义的引用
collect2: error: ld returned 1 exit status
make[1]: *** [cmTC_e6ae0] 错误 1
make[1]:正在离开目录 `/home/yuhan/Summer_Project/Tracking/bin/CMakeFiles/CMakeTmp'
make: *** [cmTC_e6ae0/fast] 错误 2

File /home/yuhan/Summer_Project/Tracking/bin/CMakeFiles/CMakeTmp/CheckSymbolExists.c:
/* */
#include <pthread.h>

int main(int argc, char** argv)
{
  (void)argv;
#ifndef pthread_create
  return ((int*)(&pthread_create))[argc];
#else
  (void)argc;
  return 0;
#endif
}

Determining if the function pthread_create exists in the pthreads failed with the following output:
Change Dir: /home/yuhan/Summer_Project/Tracking/bin/CMakeFiles/CMakeTmp

Run Build Command:"/usr/bin/make" "cmTC_aef8a/fast"
/usr/bin/make -f CMakeFiles/cmTC_aef8a.dir/build.make CMakeFiles/cmTC_aef8a.dir/build
make[1]: 正在进入目录 `/home/yuhan/Summer_Project/Tracking/bin/CMakeFiles/CMakeTmp'
Building C object CMakeFiles/cmTC_aef8a.dir/CheckFunctionExists.c.o
/usr/bin/cc    -fPIC -DCHECK_FUNCTION_EXISTS=pthread_create   -o CMakeFiles/cmTC_aef8a.dir/CheckFunctionExists.c.o   -c /usr/local/share/cmake-3.5/Modules/CheckFunctionExists.c
Linking C executable cmTC_aef8a
/usr/local/bin/cmake -E cmake_link_script CMakeFiles/cmTC_aef8a.dir/link.txt --verbose=1
/usr/bin/cc  -fPIC -DCHECK_FUNCTION_EXISTS=pthread_create    CMakeFiles/cmTC_aef8a.dir/CheckFunctionExists.c.o  -o cmTC_aef8a -rdynamic -lpthreads 
/usr/bin/ld: 找不到 -lpthreads
collect2: error: ld returned 1 exit status
make[1]: *** [cmTC_aef8a] 错误 1
make[1]:正在离开目录 `/home/yuhan/Summer_Project/Tracking/bin/CMakeFiles/CMakeTmp'
make: *** [cmTC_aef8a/fast] 错误 2


